# JRE version: Java(TM) SE Runtime Environment (8.0_201-b09) (build 1.8.0_201-b09)
# Java VM: Java HotSpot(TM) 64-Bit Server VM (25.201-b09 mixed mode linux-amd64 compressed oops)
Heap:
 PSYoungGen      total 4284416K, used 2792892K [0x0000000671e00000, 0x0000000779700000, 0x00000007c0000000)
  eden space 4252672K, 65% used [0x0000000671e00000,0x000000071bf02108,0x0000000775700000)
  from space 31744K, 20% used [0x0000000777800000,0x0000000777e6d188,0x0000000779700000)
  to   space 32768K, 0% used [0x0000000775700000,0x0000000775700000,0x0000000777700000)
 ParOldGen       total 547840K, used 64269K [0x00000003d5a00000, 0x00000003f7100000, 0x0000000671e00000)
  object space 547840K, 11% used [0x00000003d5a00000,0x00000003d98c3780,0x00000003f7100000)
 Metaspace       used 41245K, capacity 42045K, committed 42256K, reserved 1087488K
  class space    used 4369K, capacity 4558K, committed 4624K, reserved 1048576K
GC Heap History (10 events):
Event: 7,936 GC heap before
{Heap before GC invocations=12 (full 1):
 PSYoungGen      total 1987072K, used 1978620K [0x0000000671e00000, 0x00000006ed900000, 0x00000007c0000000)
  eden space 1986560K, 99% used [0x0000000671e00000,0x00000006eaa271f0,0x00000006eb200000)
  from space 512K, 18% used [0x00000006ed880000,0x00000006ed898000,0x00000006ed900000)
  to   space 18432K, 0% used [0x00000006eb500000,0x00000006eb500000,0x00000006ec700000)
 ParOldGen       total 384512K, used 60280K [0x00000003d5a00000, 0x00000003ed180000, 0x0000000671e00000)
  object space 384512K, 15% used [0x00000003d5a00000,0x00000003d94de278,0x00000003ed180000)
 Metaspace       used 26020K, capacity 26432K, committed 26624K, reserved 1073152K
  class space    used 3174K, capacity 3264K, committed 3328K, reserved 1048576K
Event: 7,938 GC heap after
Heap after GC invocations=12 (full 1):
 PSYoungGen      total 2008064K, used 64K [0x0000000671e00000, 0x0000000728d00000, 0x00000007c0000000)
  eden space 1989632K, 0% used [0x0000000671e00000,0x0000000671e00000,0x00000006eb500000)
  from space 18432K, 0% used [0x00000006eb500000,0x00000006eb510000,0x00000006ec700000)
  to   space 18432K, 0% used [0x0000000727b00000,0x0000000727b00000,0x0000000728d00000)
 ParOldGen       total 384512K, used 60288K [0x00000003d5a00000, 0x00000003ed180000, 0x0000000671e00000)
  object space 384512K, 15% used [0x00000003d5a00000,0x00000003d94e0278,0x00000003ed180000)
 Metaspace       used 26020K, capacity 26432K, committed 26624K, reserved 1073152K
  class space    used 3174K, capacity 3264K, committed 3328K, reserved 1048576K
}
Event: 8,087 GC heap before
{Heap before GC invocations=13 (full 1):
 PSYoungGen      total 2008064K, used 1987864K [0x0000000671e00000, 0x0000000728d00000, 0x00000007c0000000)
  eden space 1989632K, 99% used [0x0000000671e00000,0x00000006eb336288,0x00000006eb500000)
  from space 18432K, 0% used [0x00000006eb500000,0x00000006eb510000,0x00000006ec700000)
  to   space 18432K, 0% used [0x0000000727b00000,0x0000000727b00000,0x0000000728d00000)
 ParOldGen       total 384512K, used 60288K [0x00000003d5a00000, 0x00000003ed180000, 0x0000000671e00000)
  object space 384512K, 15% used [0x00000003d5a00000,0x00000003d94e0278,0x00000003ed180000)
 Metaspace       used 26020K, capacity 26432K, committed 26624K, reserved 1073152K
  class space    used 3174K, capacity 3264K, committed 3328K, reserved 1048576K
Event: 8,088 GC heap after
Heap after GC invocations=13 (full 1):
 PSYoungGen      total 2925056K, used 64K [0x0000000671e00000, 0x0000000727b80000, 0x00000007c0000000)
  eden space 2924544K, 0% used [0x0000000671e00000,0x0000000671e00000,0x0000000724600000)
  from space 512K, 12% used [0x0000000727b00000,0x0000000727b10000,0x0000000727b80000)
  to   space 17920K, 0% used [0x0000000725880000,0x0000000725880000,0x0000000726a00000)
 ParOldGen       total 384512K, used 60288K [0x00000003d5a00000, 0x00000003ed180000, 0x0000000671e00000)
  object space 384512K, 15% used [0x00000003d5a00000,0x00000003d94e0278,0x00000003ed180000)
 Metaspace       used 26020K, capacity 26432K, committed 26624K, reserved 1073152K
  class space    used 3174K, capacity 3264K, committed 3328K, reserved 1048576K
}
Event: 9,187 GC heap before
{Heap before GC invocations=14 (full 1):
 PSYoungGen      total 2925056K, used 2454447K [0x0000000671e00000, 0x0000000727b80000, 0x00000007c0000000)
  eden space 2924544K, 83% used [0x0000000671e00000,0x0000000707adbea8,0x0000000724600000)
  from space 512K, 12% used [0x0000000727b00000,0x0000000727b10000,0x0000000727b80000)
  to   space 17920K, 0% used [0x0000000725880000,0x0000000725880000,0x0000000726a00000)
 ParOldGen       total 384512K, used 60288K [0x00000003d5a00000, 0x00000003ed180000, 0x0000000671e00000)
  object space 384512K, 15% used [0x00000003d5a00000,0x00000003d94e0278,0x00000003ed180000)
 Metaspace       used 34883K, capacity 35255K, committed 35472K, reserved 1081344K
  class space    used 3789K, capacity 3901K, committed 3984K, reserved 1048576K
Event: 9,206 GC heap after
Heap after GC invocations=14 (full 1):
 PSYoungGen      total 2961408K, used 17891K [0x0000000671e00000, 0x0000000779a00000, 0x00000007c0000000)
  eden space 2943488K, 0% used [0x0000000671e00000,0x0000000671e00000,0x0000000725880000)
  from space 17920K, 99% used [0x0000000725880000,0x00000007269f8e00,0x0000000726a00000)
  to   space 34816K, 0% used [0x0000000777800000,0x0000000777800000,0x0000000779a00000)
 ParOldGen       total 384512K, used 95934K [0x00000003d5a00000, 0x00000003ed180000, 0x0000000671e00000)
  object space 384512K, 24% used [0x00000003d5a00000,0x00000003db7afa10,0x00000003ed180000)
 Metaspace       used 34883K, capacity 35255K, committed 35472K, reserved 1081344K
  class space    used 3789K, capacity 3901K, committed 3984K, reserved 1048576K
}
Event: 9,206 GC heap before
{Heap before GC invocations=15 (full 2):
 PSYoungGen      total 2961408K, used 17891K [0x0000000671e00000, 0x0000000779a00000, 0x00000007c0000000)
  eden space 2943488K, 0% used [0x0000000671e00000,0x0000000671e00000,0x0000000725880000)
  from space 17920K, 99% used [0x0000000725880000,0x00000007269f8e00,0x0000000726a00000)
  to   space 34816K, 0% used [0x0000000777800000,0x0000000777800000,0x0000000779a00000)
 ParOldGen       total 384512K, used 95934K [0x00000003d5a00000, 0x00000003ed180000, 0x0000000671e00000)
  object space 384512K, 24% used [0x00000003d5a00000,0x00000003db7afa10,0x00000003ed180000)
 Metaspace       used 34883K, capacity 35255K, committed 35472K, reserved 1081344K
  class space    used 3789K, capacity 3901K, committed 3984K, reserved 1048576K
Event: 9,249 GC heap after
Heap after GC invocations=15 (full 2):
 PSYoungGen      total 2961408K, used 0K [0x0000000671e00000, 0x0000000779a00000, 0x00000007c0000000)
  eden space 2943488K, 0% used [0x0000000671e00000,0x0000000671e00000,0x0000000725880000)
  from space 17920K, 0% used [0x0000000725880000,0x0000000725880000,0x0000000726a00000)
  to   space 34816K, 0% used [0x0000000777800000,0x0000000777800000,0x0000000779a00000)
 ParOldGen       total 547840K, used 64261K [0x00000003d5a00000, 0x00000003f7100000, 0x0000000671e00000)
  object space 547840K, 11% used [0x00000003d5a00000,0x00000003d98c1780,0x00000003f7100000)
 Metaspace       used 34883K, capacity 35255K, committed 35472K, reserved 1081344K
  class space    used 3789K, capacity 3901K, committed 3984K, reserved 1048576K
}
Event: 40,152 GC heap before
{Heap before GC invocations=16 (full 2):
 PSYoungGen      total 2961408K, used 2943488K [0x0000000671e00000, 0x0000000779a00000, 0x00000007c0000000)
  eden space 2943488K, 100% used [0x0000000671e00000,0x0000000725880000,0x0000000725880000)
  from space 17920K, 0% used [0x0000000725880000,0x0000000725880000,0x0000000726a00000)
  to   space 34816K, 0% used [0x0000000777800000,0x0000000777800000,0x0000000779a00000)
 ParOldGen       total 547840K, used 64261K [0x00000003d5a00000, 0x00000003f7100000, 0x0000000671e00000)
  object space 547840K, 11% used [0x00000003d5a00000,0x00000003d98c1780,0x00000003f7100000)
 Metaspace       used 39960K, capacity 40647K, committed 40720K, reserved 1085440K
  class space    used 4211K, capacity 4365K, committed 4368K, reserved 1048576K
Event: 40,160 GC heap after
Heap after GC invocations=16 (full 2):
 PSYoungGen      total 4284416K, used 6580K [0x0000000671e00000, 0x0000000779700000, 0x00000007c0000000)
  eden space 4252672K, 0% used [0x0000000671e00000,0x0000000671e00000,0x0000000775700000)
  from space 31744K, 20% used [0x0000000777800000,0x0000000777e6d188,0x0000000779700000)
  to   space 32768K, 0% used [0x0000000775700000,0x0000000775700000,0x0000000777700000)
 ParOldGen       total 547840K, used 64269K [0x00000003d5a00000, 0x00000003f7100000, 0x0000000671e00000)
  object space 547840K, 11% used [0x00000003d5a00000,0x00000003d98c3780,0x00000003f7100000)
 Metaspace       used 39960K, capacity 40647K, committed 40720K, reserved 1085440K
  class space    used 4211K, capacity 4365K, committed 4368K, reserved 1048576K
}

