# JRE version: Java(TM) SE Runtime Environment (8.0_201-b09) (build 1.8.0_201-b09)
# Java VM: Java HotSpot(TM) 64-Bit Server VM (25.201-b09 mixed mode linux-amd64 compressed oops)
Heap:
 PSYoungGen      total 4178432K, used 2737336K [0x0000000671e00000, 0x000000077c880000, 0x00000007c0000000)
  eden space 4171264K, 65% used [0x0000000671e00000,0x00000007188a17d8,0x0000000770780000)
  from space 7168K, 93% used [0x000000077c180000,0x000000077c80cc10,0x000000077c880000)
  to   space 33280K, 0% used [0x0000000778780000,0x0000000778780000,0x000000077a800000)
 ParOldGen       total 572416K, used 64171K [0x00000003d5a00000, 0x00000003f8900000, 0x0000000671e00000)
  object space 572416K, 11% used [0x00000003d5a00000,0x00000003d98aace8,0x00000003f8900000)
 Metaspace       used 41272K, capacity 42053K, committed 42256K, reserved 1087488K
  class space    used 4367K, capacity 4558K, committed 4624K, reserved 1048576K
GC Heap History (10 events):
Event: 4,813 GC heap before
{Heap before GC invocations=12 (full 1):
 PSYoungGen      total 2033664K, used 2029547K [0x0000000671e00000, 0x00000006f0780000, 0x00000007c0000000)
  eden space 2033152K, 99% used [0x0000000671e00000,0x00000006edbeaeb8,0x00000006edf80000)
  from space 512K, 12% used [0x00000006f0700000,0x00000006f0710000,0x00000006f0780000)
  to   space 18944K, 0% used [0x00000006ee280000,0x00000006ee280000,0x00000006ef500000)
 ParOldGen       total 379904K, used 60289K [0x00000003d5a00000, 0x00000003ecd00000, 0x0000000671e00000)
  object space 379904K, 15% used [0x00000003d5a00000,0x00000003d94e0460,0x00000003ecd00000)
 Metaspace       used 26047K, capacity 26440K, committed 26624K, reserved 1073152K
  class space    used 3173K, capacity 3264K, committed 3328K, reserved 1048576K
Event: 4,815 GC heap after
Heap after GC invocations=12 (full 1):
 PSYoungGen      total 2055168K, used 64K [0x0000000671e00000, 0x000000072ca00000, 0x00000007c0000000)
  eden space 2036224K, 0% used [0x0000000671e00000,0x0000000671e00000,0x00000006ee280000)
  from space 18944K, 0% used [0x00000006ee280000,0x00000006ee290000,0x00000006ef500000)
  to   space 18944K, 0% used [0x000000072b780000,0x000000072b780000,0x000000072ca00000)
 ParOldGen       total 379904K, used 60297K [0x00000003d5a00000, 0x00000003ecd00000, 0x0000000671e00000)
  object space 379904K, 15% used [0x00000003d5a00000,0x00000003d94e2460,0x00000003ecd00000)
 Metaspace       used 26047K, capacity 26440K, committed 26624K, reserved 1073152K
  class space    used 3173K, capacity 3264K, committed 3328K, reserved 1048576K
}
Event: 4,976 GC heap before
{Heap before GC invocations=13 (full 1):
 PSYoungGen      total 2055168K, used 2028816K [0x0000000671e00000, 0x000000072ca00000, 0x00000007c0000000)
  eden space 2036224K, 99% used [0x0000000671e00000,0x00000006edb341c8,0x00000006ee280000)
  from space 18944K, 0% used [0x00000006ee280000,0x00000006ee290000,0x00000006ef500000)
  to   space 18944K, 0% used [0x000000072b780000,0x000000072b780000,0x000000072ca00000)
 ParOldGen       total 379904K, used 60297K [0x00000003d5a00000, 0x00000003ecd00000, 0x0000000671e00000)
  object space 379904K, 15% used [0x00000003d5a00000,0x00000003d94e2460,0x00000003ecd00000)
 Metaspace       used 26047K, capacity 26440K, committed 26624K, reserved 1073152K
  class space    used 3173K, capacity 3264K, committed 3328K, reserved 1048576K
Event: 4,977 GC heap after
Heap after GC invocations=13 (full 1):
 PSYoungGen      total 2984960K, used 64K [0x0000000671e00000, 0x000000072b800000, 0x00000007c0000000)
  eden space 2984448K, 0% used [0x0000000671e00000,0x0000000671e00000,0x0000000728080000)
  from space 512K, 12% used [0x000000072b780000,0x000000072b790000,0x000000072b800000)
  to   space 18432K, 0% used [0x0000000729400000,0x0000000729400000,0x000000072a600000)
 ParOldGen       total 379904K, used 60297K [0x00000003d5a00000, 0x00000003ecd00000, 0x0000000671e00000)
  object space 379904K, 15% used [0x00000003d5a00000,0x00000003d94e2460,0x00000003ecd00000)
 Metaspace       used 26047K, capacity 26440K, committed 26624K, reserved 1073152K
  class space    used 3173K, capacity 3264K, committed 3328K, reserved 1048576K
}
Event: 6,146 GC heap before
{Heap before GC invocations=14 (full 1):
 PSYoungGen      total 2984960K, used 2255655K [0x0000000671e00000, 0x000000072b800000, 0x00000007c0000000)
  eden space 2984448K, 75% used [0x0000000671e00000,0x00000006fb8b9d80,0x0000000728080000)
  from space 512K, 12% used [0x000000072b780000,0x000000072b790000,0x000000072b800000)
  to   space 18432K, 0% used [0x0000000729400000,0x0000000729400000,0x000000072a600000)
 ParOldGen       total 379904K, used 60297K [0x00000003d5a00000, 0x00000003ecd00000, 0x0000000671e00000)
  object space 379904K, 15% used [0x00000003d5a00000,0x00000003d94e2460,0x00000003ecd00000)
 Metaspace       used 34895K, capacity 35263K, committed 35472K, reserved 1081344K
  class space    used 3789K, capacity 3901K, committed 3984K, reserved 1048576K
Event: 6,166 GC heap after
Heap after GC invocations=14 (full 1):
 PSYoungGen      total 3022848K, used 18406K [0x0000000671e00000, 0x000000077e380000, 0x00000007c0000000)
  eden space 3004416K, 0% used [0x0000000671e00000,0x0000000671e00000,0x0000000729400000)
  from space 18432K, 99% used [0x0000000729400000,0x000000072a5f98f0,0x000000072a600000)
  to   space 34816K, 0% used [0x000000077c180000,0x000000077c180000,0x000000077e380000)
 ParOldGen       total 379904K, used 95322K [0x00000003d5a00000, 0x00000003ecd00000, 0x0000000671e00000)
  object space 379904K, 25% used [0x00000003d5a00000,0x00000003db716a88,0x00000003ecd00000)
 Metaspace       used 34895K, capacity 35263K, committed 35472K, reserved 1081344K
  class space    used 3789K, capacity 3901K, committed 3984K, reserved 1048576K
}
Event: 6,166 GC heap before
{Heap before GC invocations=15 (full 2):
 PSYoungGen      total 3022848K, used 18406K [0x0000000671e00000, 0x000000077e380000, 0x00000007c0000000)
  eden space 3004416K, 0% used [0x0000000671e00000,0x0000000671e00000,0x0000000729400000)
  from space 18432K, 99% used [0x0000000729400000,0x000000072a5f98f0,0x000000072a600000)
  to   space 34816K, 0% used [0x000000077c180000,0x000000077c180000,0x000000077e380000)
 ParOldGen       total 379904K, used 95322K [0x00000003d5a00000, 0x00000003ecd00000, 0x0000000671e00000)
  object space 379904K, 25% used [0x00000003d5a00000,0x00000003db716a88,0x00000003ecd00000)
 Metaspace       used 34895K, capacity 35263K, committed 35472K, reserved 1081344K
  class space    used 3789K, capacity 3901K, committed 3984K, reserved 1048576K
Event: 6,221 GC heap after
Heap after GC invocations=15 (full 2):
 PSYoungGen      total 3022848K, used 0K [0x0000000671e00000, 0x000000077e380000, 0x00000007c0000000)
  eden space 3004416K, 0% used [0x0000000671e00000,0x0000000671e00000,0x0000000729400000)
  from space 18432K, 0% used [0x0000000729400000,0x0000000729400000,0x000000072a600000)
  to   space 34816K, 0% used [0x000000077c180000,0x000000077c180000,0x000000077e380000)
 ParOldGen       total 572416K, used 64163K [0x00000003d5a00000, 0x00000003f8900000, 0x0000000671e00000)
  object space 572416K, 11% used [0x00000003d5a00000,0x00000003d98a8ce8,0x00000003f8900000)
 Metaspace       used 34895K, capacity 35263K, committed 35472K, reserved 1081344K
  class space    used 3789K, capacity 3901K, committed 3984K, reserved 1048576K
}
Event: 37,917 GC heap before
{Heap before GC invocations=16 (full 2):
 PSYoungGen      total 3022848K, used 3004416K [0x0000000671e00000, 0x000000077e380000, 0x00000007c0000000)
  eden space 3004416K, 100% used [0x0000000671e00000,0x0000000729400000,0x0000000729400000)
  from space 18432K, 0% used [0x0000000729400000,0x0000000729400000,0x000000072a600000)
  to   space 34816K, 0% used [0x000000077c180000,0x000000077c180000,0x000000077e380000)
 ParOldGen       total 572416K, used 64163K [0x00000003d5a00000, 0x00000003f8900000, 0x0000000671e00000)
  object space 572416K, 11% used [0x00000003d5a00000,0x00000003d98a8ce8,0x00000003f8900000)
 Metaspace       used 39985K, capacity 40655K, committed 40720K, reserved 1085440K
  class space    used 4211K, capacity 4365K, committed 4368K, reserved 1048576K
Event: 37,925 GC heap after
Heap after GC invocations=16 (full 2):
 PSYoungGen      total 4178432K, used 6707K [0x0000000671e00000, 0x000000077c880000, 0x00000007c0000000)
  eden space 4171264K, 0% used [0x0000000671e00000,0x0000000671e00000,0x0000000770780000)
  from space 7168K, 93% used [0x000000077c180000,0x000000077c80cc10,0x000000077c880000)
  to   space 33280K, 0% used [0x0000000778780000,0x0000000778780000,0x000000077a800000)
 ParOldGen       total 572416K, used 64171K [0x00000003d5a00000, 0x00000003f8900000, 0x0000000671e00000)
  object space 572416K, 11% used [0x00000003d5a00000,0x00000003d98aace8,0x00000003f8900000)
 Metaspace       used 39985K, capacity 40655K, committed 40720K, reserved 1085440K
  class space    used 4211K, capacity 4365K, committed 4368K, reserved 1048576K
}

